Arguments:
  /Users/polash/.nvm/versions/node/v16.17.0/bin/node /Users/polash/.nvm/versions/node/v16.17.0/bin/yarn

PATH:
  /Users/polash/.gem/ruby/3.1.2/bin:/Users/polash/.rubies/ruby-3.1.2/lib/ruby/gems/3.1.0/bin:/Users/polash/.rubies/ruby-3.1.2/bin:/Users/polash/.nvm/versions/node/v16.17.0/bin:/Library/Frameworks/Python.framework/Versions/3.10/bin:/opt/homebrew/bin:/opt/homebrew/sbin:/usr/local/bin:/usr/bin:/bin:/usr/sbin:/sbin:/Users/polash/.nvm/versions/node/v16.17.0/bin:/Library/Frameworks/Python.framework/Versions/3.10/bin:/opt/homebrew/bin:/opt/homebrew/sbin:/Users/polash/.fig/bin:/Users/polash/.local/bin:/Users/polash/Library/Application Support/JetBrains/Toolbox/scripts:/Users/polash/Library/Application Support/JetBrains/Toolbox/scripts

Yarn version:
  1.22.19

Node version:
  16.17.0

Platform:
  darwin arm64

Trace:
  SyntaxError: /Users/polash/Desktop/stitches-system/package.json: Unexpected token } in JSON at position 1502
      at JSON.parse (<anonymous>)
      at /Users/polash/.nvm/versions/node/v16.17.0/lib/node_modules/yarn/lib/cli.js:1629:59
      at Generator.next (<anonymous>)
      at step (/Users/polash/.nvm/versions/node/v16.17.0/lib/node_modules/yarn/lib/cli.js:310:30)
      at /Users/polash/.nvm/versions/node/v16.17.0/lib/node_modules/yarn/lib/cli.js:321:13

npm manifest:
  {
    "name": "stitches-system",
    "version": "1.0.0",
    "description": "css-in-js design system based on stitches js.",
      "homepage": "",
    "author": {
      "name": "Sharieaz Kavier",
      "email": "shahriazkobir@gmail.com"
    },
    "bugs": {
      "url": "http://"
    },
    "repository": {
      "type": "git",
      "url": ""
    },
    "keywords": [
      "next",
      "next ui",
      "components",
      "modern components",
      "react components",
      "react ui"
    ],
    "files": [
      "lib",
      "dist",
      "es"
    ],
    "source": "src/index.ts",
    "main": "lib/cjs/index.js",
    "module": "lib/esm/index.js",
    "unpkg": "lib/umd/tnextui.min.js",
    "types": "lib/types/index.d.ts",
    "sideEffects": false,
    "license": "MIT",
    "peerDependencies": {
      "react": ">=16.8.0",
      "react-dom": ">=16.8.0"
    },
     "scripts": {
      "clear": "rimraf ./lib ./dist ./esm",
      "clear-types": "rimraf ./lib/types",
      "pre-publish": "node ./scripts/pre-publish.js",
      "publish:dry-run": "npm publish ./lib --dry-run",
      "build": "node ./scripts/build.js",
      "build:minify": "node ./scripts/minify.js",
      "build:types": "yarn tsc -p ./buildconfig -d --emitDeclarationOnly --outDir types",
      "build:dev-types": "tsc -p ./buildconfig -d --emitDeclarationOnly --outDir lib/esm",
      "build:webpack": "webpack --config ./buildconfig/webpack.common.js",
      "build:watch": "node ./scripts/build-watch.js",
      "dev": "yarn clear && yarn build:dev-types && yarn build:watch",
      "lint": "eslint \"src/**/*.{js,ts,tsx}\"",
    },
    "publishConfig": {
      "directory": "lib"
    },
      "dependencies": {
      "@babel/runtime": "^7.6.2",
      "@stitches/react": "1.2.8"
    },
     "devDependencies": {
      "react": "17.0.2",
      "@babel/cli": "^7.14.5",
      "@babel/plugin-proposal-object-rest-spread": "^7.15.6",
      "@babel/plugin-transform-runtime": "^7.14.5",
      "@babel/preset-env": "^7.14.5",
      "@babel/preset-react": "^7.14.5",
      "@babel/preset-typescript": "^7.14.5",
      "@react-bootstrap/babel-preset": "^2.1.0",
      "@storybook/react": "^6.5.3",
      "@testing-library/dom": "^8.1.0",
      "@testing-library/react": "^12.1.2",
      "@testing-library/react-hooks": "^7.0.0",
      "@testing-library/user-event": "^13.2.0",
      "@types/enzyme": "^3.10.8",
      "@types/jest": "^26.0.22",
      "@types/node": "^15.12.4",
      "@types/react": "17.0.33",
      "@types/react-dom": "17.0.9",
      "@typescript-eslint/eslint-plugin": "^4.27.0",
      "@typescript-eslint/parser": "^4.27.0",
      "@wojtekmaj/enzyme-adapter-react-17": "^0.6.1",
      "babel-jest": "^26.6.3",
      "babel-loader": "^8.2.2",
      "babel-plugin-module-resolver": "^4.1.0",
      "babel-plugin-optimize-clsx": "^2.6.2",
      "babel-plugin-react-remove-properties": "^0.3.0",
      "babel-plugin-syntax-dynamic-import": "^6.18.0",
      "chalk": "^4.1.2",
      "cherry-pick": "^0.5.0",
      "css-mediaquery": "^0.1.2",
      "enzyme": "^3.11.0",
      "eslint-plugin-react": "^7.24.0",
      "execa": "^5.1.1",
      "fs-extra": "^10.0.0",
      "jest": "^26.6.3",
      "p-iteration": "^1.1.8",
      "parcel": "^2.3.1",
      "prettier": "^2.3.1",
      "rimraf": "^3.0.2",
      "terser": "5.10.0",
      "ts-jest": "^26.5.5",
      "typescript": "4.6.2",
      "webpack": "^5.53.0",
      "webpack-bundle-analyzer": "^4.4.2",
      "webpack-cli": "^3.3.11",
      "webpack-merge": "^5.8.0"
    }
  }

yarn manifest:
  No manifest

Lockfile:
  No lockfile
